<?xml version="1.0" encoding="UTF-8"?>
<!-- Generated by org.testng.reporters.JUnitXMLReporter -->
<testsuite hostname="FaisalKhatri" ignored="1" name="Default test" tests="1" failures="0" timestamp="27 Oct 2018 16:40:43 GMT" time="1.968" errors="0">
  <testcase name="test2" time="1.937" classname="com.mfaisalkhatri.practice.PdfReader"/>
  <testcase name="test1" time="0.0" classname="com.mfaisalkhatri.practice.PdfReader">
    <ignored/>
  </testcase> <!-- test1 -->
</testsuite> <!-- Default test -->
