<?xml version="1.0" encoding="UTF-8"?>
<testng-results skipped="0" failed="0" ignored="1" total="2" passed="1">
  <reporter-output>
  </reporter-output>
  <suite name="Default suite" duration-ms="1968" started-at="2018-10-27T16:40:41Z" finished-at="2018-10-27T16:40:43Z">
    <groups>
    </groups>
    <test name="Default test" duration-ms="1968" started-at="2018-10-27T16:40:41Z" finished-at="2018-10-27T16:40:43Z">
      <class name="com.mfaisalkhatri.practice.PdfReader">
        <test-method status="PASS" signature="test2()[pri:0, instance:com.mfaisalkhatri.practice.PdfReader@55f3ddb1]" name="test2" duration-ms="1937" started-at="2018-10-27T16:40:41Z" finished-at="2018-10-27T16:40:43Z">
          <reporter-output>
          </reporter-output>
        </test-method> <!-- test2 -->
      </class> <!-- com.mfaisalkhatri.practice.PdfReader -->
    </test> <!-- Default test -->
  </suite> <!-- Default suite -->
</testng-results>
